<?xml version="1.0" encoding="UTF-8"?>
<testsuite xmlns:xsi="http://www.w3.org/2001/XMLSchema-instance" xsi:noNamespaceSchemaLocation="https://maven.apache.org/surefire/maven-surefire-plugin/xsd/surefire-test-report-3.0.xsd" version="3.0" name="com.desafio.controller.SimulacaoControllerIntegrationTest" time="23.935" tests="1" errors="0" skipped="0" failures="0">
  <properties>
[...]
</properties>
  <testcase name="deveRetornarEnvelopeSimulacaoCorreto" classname="com.desafio.controller.SimulacaoControllerIntegrationTest" time="4.217">
    <system-out><![CDATA[18:27:37.510 [main] INFO org.springframework.test.context.support.AnnotationConfigContextLoaderUtils -- Could not detect default configuration classes for test class [com.desafio.controller.SimulacaoControllerIntegrationTest]: SimulacaoControllerIntegrationTest does not declare any static, non-private, non-final, nested classes annotated with @Configuration.
18:27:38.022 [main] INFO org.springframework.boot.test.context.SpringBootTestContextBootstrapper -- Found @SpringBootConfiguration com.desafio.Hackaton2Application for test class com.desafio.controller.SimulacaoControllerIntegrationTest

  .   ____          _            __ _ _
 /\\ / ___'_ __ _ _(_)_ __  __ _ \ \ \ \
( ( )\___ | '_ | '_| | '_ \/ _` | \ \ \ \
 \\/  ___)| |_)| | | | | || (_| |  ) ) ) )
  '  |____| .__|_| |_|_| |_\__, | / / / /
 =========|_|==============|___/=/_/_/_/
 :: Spring Boot ::                (v3.2.5)

2025-08-24T18:27:39.830-03:00  INFO 288 --- [           main] c.d.c.SimulacaoControllerIntegrationTest : Starting SimulacaoControllerIntegrationTest using Java 17.0.16 with PID 288 (started by David in C:\Desenvolvimento\projetos\hackaton2)
2025-08-24T18:27:39.836-03:00  INFO 288 --- [           main] c.d.c.SimulacaoControllerIntegrationTest : No active profile set, falling back to 1 default profile: "default"
2025-08-24T18:27:43.844-03:00  INFO 288 --- [           main] .s.d.r.c.RepositoryConfigurationDelegate : Bootstrapping Spring Data JPA repositories in DEFAULT mode.
2025-08-24T18:27:44.361-03:00  INFO 288 --- [           main] .s.d.r.c.RepositoryConfigurationDelegate : Finished Spring Data repository scanning in 494 ms. Found 3 JPA repository interfaces.
2025-08-24T18:27:46.148-03:00  INFO 288 --- [           main] com.zaxxer.hikari.HikariDataSource       : HikariPool-1 - Starting...
2025-08-24T18:27:47.352-03:00  INFO 288 --- [           main] com.zaxxer.hikari.pool.HikariPool        : HikariPool-1 - Added connection conn0: url=jdbc:h2:mem:simulador user=SA
2025-08-24T18:27:47.357-03:00  INFO 288 --- [           main] com.zaxxer.hikari.HikariDataSource       : HikariPool-1 - Start completed.
2025-08-24T18:27:48.024-03:00  INFO 288 --- [           main] o.hibernate.jpa.internal.util.LogHelper  : HHH000204: Processing PersistenceUnitInfo [name: default]
2025-08-24T18:27:48.577-03:00  INFO 288 --- [           main] org.hibernate.Version                    : HHH000412: Hibernate ORM core version 6.4.4.Final
2025-08-24T18:27:48.745-03:00  INFO 288 --- [           main] o.h.c.internal.RegionFactoryInitiator    : HHH000026: Second-level cache disabled
2025-08-24T18:27:49.888-03:00  INFO 288 --- [           main] o.s.o.j.p.SpringPersistenceUnitInfo      : No LoadTimeWeaver setup: ignoring JPA class transformer
2025-08-24T18:27:50.181-03:00  WARN 288 --- [           main] org.hibernate.orm.deprecation            : HHH90000025: H2Dialect does not need to be specified explicitly using 'hibernate.dialect' (remove the property setting and it will be selected by default)
2025-08-24T18:27:53.637-03:00  INFO 288 --- [           main] o.h.e.t.j.p.i.JtaPlatformInitiator       : HHH000489: No JTA platform available (set 'hibernate.transaction.jta.platform' to enable JTA platform integration)
2025-08-24T18:27:53.644-03:00  INFO 288 --- [           main] j.LocalContainerEntityManagerFactoryBean : Initialized JPA EntityManagerFactory for persistence unit 'default'
2025-08-24T18:27:55.154-03:00  WARN 288 --- [           main] JpaBaseConfiguration$JpaWebConfiguration : spring.jpa.open-in-view is enabled by default. Therefore, database queries may be performed during view rendering. Explicitly configure spring.jpa.open-in-view to disable this warning
2025-08-24T18:27:56.519-03:00  INFO 288 --- [           main] o.s.b.t.m.w.SpringBootMockServletContext : Initializing Spring TestDispatcherServlet ''
2025-08-24T18:27:56.520-03:00  INFO 288 --- [           main] o.s.t.web.servlet.TestDispatcherServlet  : Initializing Servlet ''
2025-08-24T18:27:56.525-03:00  INFO 288 --- [           main] o.s.t.web.servlet.TestDispatcherServlet  : Completed initialization in 3 ms
2025-08-24T18:27:56.599-03:00  INFO 288 --- [           main] c.d.c.SimulacaoControllerIntegrationTest : Started SimulacaoControllerIntegrationTest in 17.934 seconds (process running for 21.621)
Hibernate: 
    insert 
    into
        simulacao
        (codigo_produto, data_simulacao, nome_produto, prazo, taxa_juros, valor_desejado, valor_total_price, valor_total_sac, id_simulacao) 
    values
        (?, ?, ?, ?, ?, ?, ?, ?, default)
Hibernate: 
    insert 
    into
        parcela
        (numero, id_simulacao, tipo, valor_amortizacao, valor_juros, valor_prestacao, id_parcela) 
    values
        (?, ?, ?, ?, ?, ?, default)
Hibernate: 
    insert 
    into
        parcela
        (numero, id_simulacao, tipo, valor_amortizacao, valor_juros, valor_prestacao, id_parcela) 
    values
        (?, ?, ?, ?, ?, ?, default)
Hibernate: 
    insert 
    into
        parcela
        (numero, id_simulacao, tipo, valor_amortizacao, valor_juros, valor_prestacao, id_parcela) 
    values
        (?, ?, ?, ?, ?, ?, default)
Hibernate: 
    insert 
    into
        parcela
        (numero, id_simulacao, tipo, valor_amortizacao, valor_juros, valor_prestacao, id_parcela) 
    values
        (?, ?, ?, ?, ?, ?, default)
Hibernate: 
    insert 
    into
        parcela
        (numero, id_simulacao, tipo, valor_amortizacao, valor_juros, valor_prestacao, id_parcela) 
    values
        (?, ?, ?, ?, ?, ?, default)
Hibernate: 
    insert 
    into
        parcela
        (numero, id_simulacao, tipo, valor_amortizacao, valor_juros, valor_prestacao, id_parcela) 
    values
        (?, ?, ?, ?, ?, ?, default)
Hibernate: 
    insert 
    into
        parcela
        (numero, id_simulacao, tipo, valor_amortizacao, valor_juros, valor_prestacao, id_parcela) 
    values
        (?, ?, ?, ?, ?, ?, default)
Hibernate: 
    insert 
    into
        parcela
        (numero, id_simulacao, tipo, valor_amortizacao, valor_juros, valor_prestacao, id_parcela) 
    values
        (?, ?, ?, ?, ?, ?, default)
Hibernate: 
    insert 
    into
        parcela
        (numero, id_simulacao, tipo, valor_amortizacao, valor_juros, valor_prestacao, id_parcela) 
    values
        (?, ?, ?, ?, ?, ?, default)
Hibernate: 
    insert 
    into
        parcela
        (numero, id_simulacao, tipo, valor_amortizacao, valor_juros, valor_prestacao, id_parcela) 
    values
        (?, ?, ?, ?, ?, ?, default)
]]></system-out>
  </testcase>
</testsuite>