<?xml version="1.0" encoding="UTF-8"?>
<testsuite xmlns:xsi="http://www.w3.org/2001/XMLSchema-instance" xsi:noNamespaceSchemaLocation="https://maven.apache.org/surefire/maven-surefire-plugin/xsd/surefire-test-report-3.0.xsd" version="3.0" name="com.desafio.controller.SimulacaoControllerIntegrationTest" time="25.799" tests="1" errors="0" skipped="0" failures="0">
  <properties>
[...]
</properties>
  <testcase name="deveRetornarEnvelopeSimulacaoCorreto" classname="com.desafio.controller.SimulacaoControllerIntegrationTest" time="4.403">
    <system-out><![CDATA[21:39:08.194 [main] INFO org.springframework.test.context.support.AnnotationConfigContextLoaderUtils -- Could not detect default configuration classes for test class [com.desafio.controller.SimulacaoControllerIntegrationTest]: SimulacaoControllerIntegrationTest does not declare any static, non-private, non-final, nested classes annotated with @Configuration.
21:39:08.762 [main] INFO org.springframework.boot.test.context.SpringBootTestContextBootstrapper -- Found @SpringBootConfiguration com.desafio.Hackaton2Application for test class com.desafio.controller.SimulacaoControllerIntegrationTest

  .   ____          _            __ _ _
 /\\ / ___'_ __ _ _(_)_ __  __ _ \ \ \ \
( ( )\___ | '_ | '_| | '_ \/ _` | \ \ \ \
 \\/  ___)| |_)| | | | | || (_| |  ) ) ) )
  '  |____| .__|_| |_|_| |_\__, | / / / /
 =========|_|==============|___/=/_/_/_/
 :: Spring Boot ::                (v3.2.5)

2025-08-24T21:39:10.353-03:00  INFO 2604 --- [           main] c.d.c.SimulacaoControllerIntegrationTest : Starting SimulacaoControllerIntegrationTest using Java 17.0.16 with PID 2604 (started by David in C:\Desenvolvimento\projetos\hackaton2)
2025-08-24T21:39:10.443-03:00  INFO 2604 --- [           main] c.d.c.SimulacaoControllerIntegrationTest : No active profile set, falling back to 1 default profile: "default"
2025-08-24T21:39:14.787-03:00  INFO 2604 --- [           main] .s.d.r.c.RepositoryConfigurationDelegate : Bootstrapping Spring Data JPA repositories in DEFAULT mode.
2025-08-24T21:39:15.265-03:00  INFO 2604 --- [           main] .s.d.r.c.RepositoryConfigurationDelegate : Finished Spring Data repository scanning in 450 ms. Found 3 JPA repository interfaces.
2025-08-24T21:39:17.198-03:00  INFO 2604 --- [           main] com.zaxxer.hikari.HikariDataSource       : HikariPool-1 - Starting...
2025-08-24T21:39:18.117-03:00  INFO 2604 --- [           main] com.zaxxer.hikari.pool.HikariPool        : HikariPool-1 - Added connection conn0: url=jdbc:h2:mem:simulador user=SA
2025-08-24T21:39:18.124-03:00  INFO 2604 --- [           main] com.zaxxer.hikari.HikariDataSource       : HikariPool-1 - Start completed.
2025-08-24T21:39:18.670-03:00  INFO 2604 --- [           main] o.hibernate.jpa.internal.util.LogHelper  : HHH000204: Processing PersistenceUnitInfo [name: default]
2025-08-24T21:39:18.901-03:00  INFO 2604 --- [           main] org.hibernate.Version                    : HHH000412: Hibernate ORM core version 6.4.4.Final
2025-08-24T21:39:19.067-03:00  INFO 2604 --- [           main] o.h.c.internal.RegionFactoryInitiator    : HHH000026: Second-level cache disabled
2025-08-24T21:39:19.983-03:00  INFO 2604 --- [           main] o.s.o.j.p.SpringPersistenceUnitInfo      : No LoadTimeWeaver setup: ignoring JPA class transformer
2025-08-24T21:39:20.136-03:00  WARN 2604 --- [           main] org.hibernate.orm.deprecation            : HHH90000025: H2Dialect does not need to be specified explicitly using 'hibernate.dialect' (remove the property setting and it will be selected by default)
2025-08-24T21:39:22.850-03:00  INFO 2604 --- [           main] o.h.e.t.j.p.i.JtaPlatformInitiator       : HHH000489: No JTA platform available (set 'hibernate.transaction.jta.platform' to enable JTA platform integration)
2025-08-24T21:39:22.857-03:00  INFO 2604 --- [           main] j.LocalContainerEntityManagerFactoryBean : Initialized JPA EntityManagerFactory for persistence unit 'default'
2025-08-24T21:39:25.139-03:00  WARN 2604 --- [           main] JpaBaseConfiguration$JpaWebConfiguration : spring.jpa.open-in-view is enabled by default. Therefore, database queries may be performed during view rendering. Explicitly configure spring.jpa.open-in-view to disable this warning
2025-08-24T21:39:28.352-03:00  INFO 2604 --- [           main] o.s.b.t.m.w.SpringBootMockServletContext : Initializing Spring TestDispatcherServlet ''
2025-08-24T21:39:28.353-03:00  INFO 2604 --- [           main] o.s.t.web.servlet.TestDispatcherServlet  : Initializing Servlet ''
2025-08-24T21:39:28.381-03:00  INFO 2604 --- [           main] o.s.b.a.e.web.EndpointLinksResolver      : Exposing 3 endpoint(s) beneath base path '/actuator'
2025-08-24T21:39:28.453-03:00  INFO 2604 --- [           main] o.s.t.web.servlet.TestDispatcherServlet  : Completed initialization in 95 ms
2025-08-24T21:39:28.811-03:00  INFO 2604 --- [           main] c.d.c.SimulacaoControllerIntegrationTest : Started SimulacaoControllerIntegrationTest in 19.538 seconds (process running for 22.92)
Hibernate: 
    insert 
    into
        simulacao
        (codigo_produto, data_simulacao, nome_produto, prazo, taxa_juros, valor_desejado, valor_total_price, valor_total_sac, id_simulacao) 
    values
        (?, ?, ?, ?, ?, ?, ?, ?, default)
Hibernate: 
    insert 
    into
        parcela
        (numero, id_simulacao, tipo, valor_amortizacao, valor_juros, valor_prestacao, id_parcela) 
    values
        (?, ?, ?, ?, ?, ?, default)
Hibernate: 
    insert 
    into
        parcela
        (numero, id_simulacao, tipo, valor_amortizacao, valor_juros, valor_prestacao, id_parcela) 
    values
        (?, ?, ?, ?, ?, ?, default)
Hibernate: 
    insert 
    into
        parcela
        (numero, id_simulacao, tipo, valor_amortizacao, valor_juros, valor_prestacao, id_parcela) 
    values
        (?, ?, ?, ?, ?, ?, default)
Hibernate: 
    insert 
    into
        parcela
        (numero, id_simulacao, tipo, valor_amortizacao, valor_juros, valor_prestacao, id_parcela) 
    values
        (?, ?, ?, ?, ?, ?, default)
Hibernate: 
    insert 
    into
        parcela
        (numero, id_simulacao, tipo, valor_amortizacao, valor_juros, valor_prestacao, id_parcela) 
    values
        (?, ?, ?, ?, ?, ?, default)
Hibernate: 
    insert 
    into
        parcela
        (numero, id_simulacao, tipo, valor_amortizacao, valor_juros, valor_prestacao, id_parcela) 
    values
        (?, ?, ?, ?, ?, ?, default)
Hibernate: 
    insert 
    into
        parcela
        (numero, id_simulacao, tipo, valor_amortizacao, valor_juros, valor_prestacao, id_parcela) 
    values
        (?, ?, ?, ?, ?, ?, default)
Hibernate: 
    insert 
    into
        parcela
        (numero, id_simulacao, tipo, valor_amortizacao, valor_juros, valor_prestacao, id_parcela) 
    values
        (?, ?, ?, ?, ?, ?, default)
Hibernate: 
    insert 
    into
        parcela
        (numero, id_simulacao, tipo, valor_amortizacao, valor_juros, valor_prestacao, id_parcela) 
    values
        (?, ?, ?, ?, ?, ?, default)
Hibernate: 
    insert 
    into
        parcela
        (numero, id_simulacao, tipo, valor_amortizacao, valor_juros, valor_prestacao, id_parcela) 
    values
        (?, ?, ?, ?, ?, ?, default)
]]></system-out>
  </testcase>
</testsuite>